0 info it worked if it ends with ok
1 verbose cli [ '/Users/apple/.nvm/versions/node/v6.2.2/bin/node',
1 verbose cli   '/Users/apple/.nvm/versions/node/v6.2.2/bin/npm',
1 verbose cli   'run',
1 verbose cli   'lint' ]
2 info using npm@3.10.3
3 info using node@v6.2.2
4 verbose run-script [ 'prelint', 'lint', 'postlint' ]
5 info lifecycle universal@1.3.6~prelint: universal@1.3.6
6 silly lifecycle universal@1.3.6~prelint: no script for prelint, continuing
7 info lifecycle universal@1.3.6~lint: universal@1.3.6
8 verbose lifecycle universal@1.3.6~lint: unsafe-perm in lifecycle true
9 verbose lifecycle universal@1.3.6~lint: PATH: /Users/apple/.nvm/versions/node/v6.2.2/lib/node_modules/npm/bin/node-gyp-bin:/Users/apple/Documents/nextdealshop/admin/node_modules/.bin:/Users/apple/.nvm/versions/node/v6.2.2/bin:/Users/apple/pear/bin/:/Users/apple/.yarn/bin:/Users/apple/.nvm/versions/node/v6.2.2/bin:/opt/local/bin:/opt/local/sbin:/opt/local/bin:/opt/local/sbin:/Users/apple/.rbenv/shims:/Users/apple/.rbenv/bin:/Users/apple/pear/bin/:/Users/apple/.yarn/bin:/opt/local/bin:/opt/local/sbin:/opt/local/bin:/opt/local/sbin:/Users/apple/.rbenv/shims:/Users/apple/.rbenv/bin:/usr/local/bin:/usr/bin:/bin:/usr/sbin:/sbin:/Applications/Postgres.app/Contents/Versions/latest/bin:/Users/apple/bin:/Users/apple/Library/Android/sdk/tools:/Users/apple/Library/Android/sdk/platform-tools:/Users/apple/bin:/Users/apple/Library/Android/sdk/tools:/Users/apple/Library/Android/sdk/platform-tools
10 verbose lifecycle universal@1.3.6~lint: CWD: /Users/apple/Documents/nextdealshop/admin
11 silly lifecycle universal@1.3.6~lint: Args: [ '-c', 'eslint --ext .jsx --ext .js .' ]
12 silly lifecycle universal@1.3.6~lint: Returned: code: 1  signal: null
13 info lifecycle universal@1.3.6~lint: Failed to exec lint script
14 verbose stack Error: universal@1.3.6 lint: `eslint --ext .jsx --ext .js .`
14 verbose stack Exit status 1
14 verbose stack     at EventEmitter.<anonymous> (/Users/apple/.nvm/versions/node/v6.2.2/lib/node_modules/npm/lib/utils/lifecycle.js:242:16)
14 verbose stack     at emitTwo (events.js:106:13)
14 verbose stack     at EventEmitter.emit (events.js:191:7)
14 verbose stack     at ChildProcess.<anonymous> (/Users/apple/.nvm/versions/node/v6.2.2/lib/node_modules/npm/lib/utils/spawn.js:40:14)
14 verbose stack     at emitTwo (events.js:106:13)
14 verbose stack     at ChildProcess.emit (events.js:191:7)
14 verbose stack     at maybeClose (internal/child_process.js:852:16)
14 verbose stack     at Process.ChildProcess._handle.onexit (internal/child_process.js:215:5)
15 verbose pkgid universal@1.3.6
16 verbose cwd /Users/apple/Documents/nextdealshop/admin
17 error Darwin 15.6.0
18 error argv "/Users/apple/.nvm/versions/node/v6.2.2/bin/node" "/Users/apple/.nvm/versions/node/v6.2.2/bin/npm" "run" "lint"
19 error node v6.2.2
20 error npm  v3.10.3
21 error code ELIFECYCLE
22 error universal@1.3.6 lint: `eslint --ext .jsx --ext .js .`
22 error Exit status 1
23 error Failed at the universal@1.3.6 lint script 'eslint --ext .jsx --ext .js .'.
23 error Make sure you have the latest version of node.js and npm installed.
23 error If you do, this is most likely a problem with the universal package,
23 error not with npm itself.
23 error Tell the author that this fails on your system:
23 error     eslint --ext .jsx --ext .js .
23 error You can get information on how to open an issue for this project with:
23 error     npm bugs universal
23 error Or if that isn't available, you can get their info via:
23 error     npm owner ls universal
23 error There is likely additional logging output above.
24 verbose exit [ 1, true ]
